2021-07-09 17:52:23: server error Error: /err-test 出现错误
2021-07-09 17:52:23:     at /Users/lichao/projects/blog-koa/routes/users.js:48:8
2021-07-09 17:52:23:     at dispatch (/Users/lichao/projects/blog-koa/node_modules/koa-router/node_modules/koa-compose/index.js:44:32)
2021-07-09 17:52:23:     at next (/Users/lichao/projects/blog-koa/node_modules/koa-router/node_modules/koa-compose/index.js:45:18)
2021-07-09 17:52:23:     at /Users/lichao/projects/blog-koa/node_modules/koa-router/lib/router.js:346:16
2021-07-09 17:52:23:     at dispatch (/Users/lichao/projects/blog-koa/node_modules/koa-router/node_modules/koa-compose/index.js:44:32)
2021-07-09 17:52:23:     at /Users/lichao/projects/blog-koa/node_modules/koa-router/node_modules/koa-compose/index.js:36:12
2021-07-09 17:52:23:     at dispatch (/Users/lichao/projects/blog-koa/node_modules/koa-router/lib/router.js:351:31)
2021-07-09 17:52:23:     at dispatch (/Users/lichao/projects/blog-koa/node_modules/koa-compose/index.js:42:32)
2021-07-09 17:52:23:     at dispatch (/Users/lichao/projects/blog-koa/node_modules/koa-router/lib/router.js:332:32)
2021-07-09 17:52:23:     at dispatch (/Users/lichao/projects/blog-koa/node_modules/koa-compose/index.js:42:32)
2021-07-09 17:52:23:     at /Users/lichao/projects/blog-koa/app.js:66:8
2021-07-09 17:52:23:     at dispatch (/Users/lichao/projects/blog-koa/node_modules/koa-compose/index.js:42:32)
2021-07-09 17:52:23:     at views (/Users/lichao/projects/blog-koa/node_modules/koa-views/src/index.js:91:12)
2021-07-09 17:52:23:     at dispatch (/Users/lichao/projects/blog-koa/node_modules/koa-compose/index.js:42:32)
2021-07-09 17:52:23:     at serve (/Users/lichao/projects/blog-koa/node_modules/koa-static/index.js:53:15)
2021-07-09 17:52:23:     at async bodyParser (/Users/lichao/projects/blog-koa/node_modules/koa-bodyparser/index.js:95:5) {
2021-07-09 17:52:23:   request: {
2021-07-09 17:52:23:     method: 'GET',
2021-07-09 17:52:23:     url: '/users/err-test',
2021-07-09 17:52:23:     header: {
2021-07-09 17:52:23:       host: 'localhost:9000',
2021-07-09 17:52:23:       connection: 'keep-alive',
2021-07-09 17:52:23:       'cache-control': 'max-age=0',
2021-07-09 17:52:23:       'sec-ch-ua': '" Not A;Brand";v="99", "Chromium";v="90", "Google Chrome";v="90"',
2021-07-09 17:52:23:       'sec-ch-ua-mobile': '?0',
2021-07-09 17:52:23:       'upgrade-insecure-requests': '1',
2021-07-09 17:52:23:       'user-agent': 'Mozilla/5.0 (Macintosh; Intel Mac OS X 10_15_7) AppleWebKit/537.36 (KHTML, like Gecko) Chrome/90.0.4430.212 Safari/537.36',
2021-07-09 17:52:23:       accept: 'text/html,application/xhtml+xml,application/xml;q=0.9,image/avif,image/webp,image/apng,*/*;q=0.8,application/signed-exchange;v=b3;q=0.9',
2021-07-09 17:52:23:       'sec-fetch-site': 'none',
2021-07-09 17:52:23:       'sec-fetch-mode': 'navigate',
2021-07-09 17:52:23:       'sec-fetch-user': '?1',
2021-07-09 17:52:23:       'sec-fetch-dest': 'document',
2021-07-09 17:52:23:       'accept-encoding': 'gzip, deflate, br',
2021-07-09 17:52:23:       'accept-language': 'zh-CN,zh;q=0.9'
2021-07-09 17:52:23:     }
2021-07-09 17:52:23:   },
2021-07-09 17:52:23:   response: {
2021-07-09 17:52:23:     status: 404,
2021-07-09 17:52:23:     message: 'Not Found',
2021-07-09 17:52:23:     header: [Object: null prototype] {}
2021-07-09 17:52:23:   },
2021-07-09 17:52:23:   app: { subdomainOffset: 2, proxy: false, env: 'production' },
2021-07-09 17:52:23:   originalUrl: '/users/err-test',
2021-07-09 17:52:23:   req: '<original node req>',
2021-07-09 17:52:23:   res: '<original node res>',
2021-07-09 17:52:23:   socket: '<original node socket>'
2021-07-09 17:52:23: }
